-------------------------------------------------------------------------------
Test set: rifqimuhammadaziz.test.mock.MockTest
-------------------------------------------------------------------------------
Tests run: 1, Failures: 1, Errors: 0, Skipped: 0, Time elapsed: 0.556 s <<< FAILURE! - in rifqimuhammadaziz.test.mock.MockTest
testMock  Time elapsed: 0.555 s  <<< FAILURE!
org.mockito.exceptions.verification.TooManyActualInvocations: 

list.get(0);
Wanted 1 time:
-> at rifqimuhammadaziz.test.mock.MockTest.testMock(MockTest.java:20)
But was 2 times:
-> at rifqimuhammadaziz.test.mock.MockTest.testMock(MockTest.java:15)
-> at rifqimuhammadaziz.test.mock.MockTest.testMock(MockTest.java:16)


	at rifqimuhammadaziz.test.mock.MockTest.testMock(MockTest.java:20)

