<?xml version="1.0" encoding="UTF-8"?>
<testsuite xmlns:xsi="http://www.w3.org/2001/XMLSchema-instance" xsi:noNamespaceSchemaLocation="https://maven.apache.org/surefire/maven-surefire-plugin/xsd/surefire-test-report.xsd" name="rifqimuhammadaziz.test.mock.service.PersonServiceTest" time="0.024" tests="3" errors="0" skipped="0" failures="0">
  <properties>
[...]
</properties>
  <testcase name="testGetPersonNotFound" classname="rifqimuhammadaziz.test.mock.service.PersonServiceTest" time="0.021"/>
  <testcase name="testGetPersonSuccess" classname="rifqimuhammadaziz.test.mock.service.PersonServiceTest" time="0.002"/>
  <testcase name="testRegisterSuccess" classname="rifqimuhammadaziz.test.mock.service.PersonServiceTest" time="0.001"/>
</testsuite>